{
  "stats": {
    "suites": 1,
    "tests": 2,
    "passes": 2,
    "pending": 0,
    "failures": 0,
    "start": "2021-08-22T13:42:57.059Z",
    "end": "2021-08-22T13:43:10.387Z",
    "duration": 13328,
    "testsRegistered": 2,
    "passPercent": 100,
    "pendingPercent": 0,
    "other": 0,
    "hasOther": false,
    "skipped": 0,
    "hasSkipped": false
  },
  "results": [
    {
      "uuid": "63e7f7df-ba4a-40a5-b192-fd2df071f240",
      "title": "",
      "fullFile": "cypress/integration/Login.feature",
      "file": "cypress/integration/Login.feature",
      "beforeHooks": [],
      "afterHooks": [],
      "tests": [],
      "suites": [
        {
          "uuid": "a466adb2-e51c-454c-9332-86fd7f823429",
          "title": "Login",
          "fullFile": "",
          "file": "",
          "beforeHooks": [],
          "afterHooks": [],
          "tests": [
            {
              "title": "User is Signed Up",
              "fullTitle": "Login User is Signed Up",
              "timedOut": null,
              "duration": 9043,
              "state": "passed",
              "speed": "slow",
              "pass": true,
              "fail": false,
              "pending": false,
              "context": null,
              "code": "const state = window.testState;\nreturn cy\n  .then(() => state.onStartScenario(scenario, indexedSteps))\n  .then(() =>\n    resolveAndRunBeforeHooks.call(this, scenario.tags, state.feature.name)\n  )\n  .then(() =>\n    indexedSteps.forEach((step) =>\n      stepTest.call(this, state, step, rowData)\n    )\n  )\n  .then(() => state.onFinishScenario(scenario));",
              "err": {},
              "uuid": "00e6c3cb-cd31-436b-ae15-9a5ff64c0323",
              "parentUUID": "a466adb2-e51c-454c-9332-86fd7f823429",
              "isHook": false,
              "skipped": false
            },
            {
              "title": "User is Logged Out",
              "fullTitle": "Login User is Logged Out",
              "timedOut": null,
              "duration": 2258,
              "state": "passed",
              "speed": "slow",
              "pass": true,
              "fail": false,
              "pending": false,
              "context": null,
              "code": "const state = window.testState;\nreturn cy\n  .then(() => state.onStartScenario(scenario, indexedSteps))\n  .then(() =>\n    resolveAndRunBeforeHooks.call(this, scenario.tags, state.feature.name)\n  )\n  .then(() =>\n    indexedSteps.forEach((step) =>\n      stepTest.call(this, state, step, rowData)\n    )\n  )\n  .then(() => state.onFinishScenario(scenario));",
              "err": {},
              "uuid": "9096d1c9-2a12-489b-8ed6-2524de71f08b",
              "parentUUID": "a466adb2-e51c-454c-9332-86fd7f823429",
              "isHook": false,
              "skipped": false
            }
          ],
          "suites": [],
          "passes": [
            "00e6c3cb-cd31-436b-ae15-9a5ff64c0323",
            "9096d1c9-2a12-489b-8ed6-2524de71f08b"
          ],
          "failures": [],
          "pending": [],
          "skipped": [],
          "duration": 11301,
          "root": false,
          "rootEmpty": false,
          "_timeout": 2000
        }
      ],
      "passes": [],
      "failures": [],
      "pending": [],
      "skipped": [],
      "duration": 0,
      "root": true,
      "rootEmpty": true,
      "_timeout": 2000
    }
  ],
  "meta": {
    "mocha": {
      "version": "7.0.1"
    },
    "mochawesome": {
      "options": {
        "quiet": false,
        "reportFilename": "mochawesome",
        "saveHtml": false,
        "saveJson": true,
        "consoleReporter": "spec",
        "useInlineDiffs": false,
        "code": true
      },
      "version": "6.2.2"
    },
    "marge": {
      "options": {
        "id": "default",
        "reportDir": "cypress/reports/mocha",
        "quite": true,
        "overwrite": false,
        "html": false,
        "json": true
      },
      "version": "5.2.0"
    }
  }
}