{
  "stats": {
    "suites": 1,
    "tests": 2,
    "passes": 2,
    "pending": 0,
    "failures": 0,
    "start": "2021-08-22T15:02:06.448Z",
    "end": "2021-08-22T15:02:20.618Z",
    "duration": 14170,
    "testsRegistered": 2,
    "passPercent": 100,
    "pendingPercent": 0,
    "other": 0,
    "hasOther": false,
    "skipped": 0,
    "hasSkipped": false
  },
  "results": [
    {
      "uuid": "d14fd147-3f1a-49a0-8205-85f9f3654266",
      "title": "",
      "fullFile": "cypress/integration/Login.feature",
      "file": "cypress/integration/Login.feature",
      "beforeHooks": [],
      "afterHooks": [],
      "tests": [],
      "suites": [
        {
          "uuid": "f149ddea-d047-4040-ac10-2cd50eaa9052",
          "title": "Login",
          "fullFile": "",
          "file": "",
          "beforeHooks": [],
          "afterHooks": [],
          "tests": [
            {
              "title": "User is Signed Up",
              "fullTitle": "Login User is Signed Up",
              "timedOut": null,
              "duration": 10104,
              "state": "passed",
              "speed": "slow",
              "pass": true,
              "fail": false,
              "pending": false,
              "context": null,
              "code": "const state = window.testState;\nreturn cy\n  .then(() => state.onStartScenario(scenario, indexedSteps))\n  .then(() =>\n    resolveAndRunBeforeHooks.call(this, scenario.tags, state.feature.name)\n  )\n  .then(() =>\n    indexedSteps.forEach((step) =>\n      stepTest.call(this, state, step, rowData)\n    )\n  )\n  .then(() => state.onFinishScenario(scenario));",
              "err": {},
              "uuid": "e13e385a-836a-4eed-ad45-64aa9ea503f1",
              "parentUUID": "f149ddea-d047-4040-ac10-2cd50eaa9052",
              "isHook": false,
              "skipped": false
            },
            {
              "title": "User is Logged Out",
              "fullTitle": "Login User is Logged Out",
              "timedOut": null,
              "duration": 2020,
              "state": "passed",
              "speed": "slow",
              "pass": true,
              "fail": false,
              "pending": false,
              "context": null,
              "code": "const state = window.testState;\nreturn cy\n  .then(() => state.onStartScenario(scenario, indexedSteps))\n  .then(() =>\n    resolveAndRunBeforeHooks.call(this, scenario.tags, state.feature.name)\n  )\n  .then(() =>\n    indexedSteps.forEach((step) =>\n      stepTest.call(this, state, step, rowData)\n    )\n  )\n  .then(() => state.onFinishScenario(scenario));",
              "err": {},
              "uuid": "cf621a69-62b4-4678-b035-54cc1f05c7e6",
              "parentUUID": "f149ddea-d047-4040-ac10-2cd50eaa9052",
              "isHook": false,
              "skipped": false
            }
          ],
          "suites": [],
          "passes": [
            "e13e385a-836a-4eed-ad45-64aa9ea503f1",
            "cf621a69-62b4-4678-b035-54cc1f05c7e6"
          ],
          "failures": [],
          "pending": [],
          "skipped": [],
          "duration": 12124,
          "root": false,
          "rootEmpty": false,
          "_timeout": 2000
        }
      ],
      "passes": [],
      "failures": [],
      "pending": [],
      "skipped": [],
      "duration": 0,
      "root": true,
      "rootEmpty": true,
      "_timeout": 2000
    }
  ],
  "meta": {
    "mocha": {
      "version": "7.0.1"
    },
    "mochawesome": {
      "options": {
        "quiet": false,
        "reportFilename": "mochawesome",
        "saveHtml": false,
        "saveJson": true,
        "consoleReporter": "spec",
        "useInlineDiffs": false,
        "code": true
      },
      "version": "6.2.2"
    },
    "marge": {
      "options": {
        "id": "default",
        "reportDir": "cypress/reports/mocha",
        "quite": true,
        "overwrite": false,
        "html": false,
        "json": true
      },
      "version": "5.2.0"
    }
  }
}